Build started 19/03/2013 16:12:59.
     1>Project "C:\Users\Tof\Documents\INSA\5TC\Deuxième semestre\Facerecognition project\Face-Verification-System\Face-Verification-System.vcxproj" on node 2 (build target(s)).
     1>InitializeBuildStatus:
         Creating "Debug\Face-Verification-System.unsuccessfulbuild" because "AlwaysCreate" was specified.
       GenerateTargetFrameworkMonikerAttribute:
       Skipping target "GenerateTargetFrameworkMonikerAttribute" because all output files are up-to-date with respect to the input files.
       ClCompile:
         All outputs are up-to-date.
         All outputs are up-to-date.
         All outputs are up-to-date.
       CoreResGen:
         All outputs are up-to-date.
       ResourceCompile:
         All outputs are up-to-date.
       Link:
         All outputs are up-to-date.
         Face-Verification-System.vcxproj -> C:\Users\Tof\Documents\INSA\5TC\Deuxième semestre\Facerecognition project\Face-Verification-System\Debug\Face-Verification-System.exe
       FinalizeBuildStatus:
         Deleting file "Debug\Face-Verification-System.unsuccessfulbuild".
         Touching "Debug\Face-Verification-System.lastbuildstate".
     1>Done Building Project "C:\Users\Tof\Documents\INSA\5TC\Deuxième semestre\Facerecognition project\Face-Verification-System\Face-Verification-System.vcxproj" (build target(s)).

Build succeeded.

Time Elapsed 00:00:00.42
